This is pdfTeX, Version 3.141592653-2.6-1.40.22 (MiKTeX 21.2) (preloaded format=pdflatex 2021.10.16)  17 OCT 2021 20:21
entering extended mode
**./template.tex
(template.tex
LaTeX2e <2020-10-01> patch level 4
L3 programming layer <2021-02-18> xparse <2020-03-03>
(C:\Users\mrpar\AppData\Local\Programs\MiKTeX\tex/latex/base\article.cls
Document Class: article 2020/04/10 v1.4m Standard LaTeX document class
(C:\Users\mrpar\AppData\Local\Programs\MiKTeX\tex/latex/base\size12.clo
File: size12.clo 2020/04/10 v1.4m Standard LaTeX file (size option)
)
\c@part=\count179
\c@section=\count180
\c@subsection=\count181
\c@subsubsection=\count182
\c@paragraph=\count183
\c@subparagraph=\count184
\c@figure=\count185
\c@table=\count186
\abovecaptionskip=\skip47
\belowcaptionskip=\skip48
\bibindent=\dimen138
)
(C:\Users\mrpar\AppData\Local\Programs\MiKTeX\tex/latex/geometry\geometry.sty
Package: geometry 2020/01/02 v5.9 Page Geometry

(C:\Users\mrpar\AppData\Local\Programs\MiKTeX\tex/latex/graphics\keyval.sty
Package: keyval 2014/10/28 v1.15 key=value parser (DPC)
\KV@toks@=\toks15
)
(C:\Users\mrpar\AppData\Local\Programs\MiKTeX\tex/generic/iftex\ifvtex.sty
Package: ifvtex 2019/10/25 v1.7 ifvtex legacy package. Use iftex instead.

(C:\Users\mrpar\AppData\Local\Programs\MiKTeX\tex/generic/iftex\iftex.sty
Package: iftex 2020/03/06 v1.0d TeX engine tests
))
\Gm@cnth=\count187
\Gm@cntv=\count188
\c@Gm@tempcnt=\count189
\Gm@bindingoffset=\dimen139
\Gm@wd@mp=\dimen140
\Gm@odd@mp=\dimen141
\Gm@even@mp=\dimen142
\Gm@layoutwidth=\dimen143
\Gm@layoutheight=\dimen144
\Gm@layouthoffset=\dimen145
\Gm@layoutvoffset=\dimen146
\Gm@dimlist=\toks16

(C:\Users\mrpar\AppData\Local\Programs\MiKTeX\tex/latex/geometry\geometry.cfg))
(C:\Users\mrpar\AppData\Local\Programs\MiKTeX\tex/generic/babel\babel.sty
Package: babel 2021/01/26 3.53 The Babel package

(C:\Users\mrpar\AppData\Local\Programs\MiKTeX\tex/generic/babel\babel.def
File: babel.def 2021/01/26 3.53 Babel common definitions
\babel@savecnt=\count190
\U@D=\dimen147
\l@babelnohyphens=\language79

(C:\Users\mrpar\AppData\Local\Programs\MiKTeX\tex/generic/babel\txtbabel.def)
\bbl@readstream=\read2
)
\bbl@dirlevel=\count191

*************************************
* Local config file bblopts.cfg used
*
(C:\Users\mrpar\AppData\Local\Programs\MiKTeX\tex/latex/arabi\bblopts.cfg
File: bblopts.cfg 2005/09/08 v0.1 add Arabic and Farsi to "declared" options of
 babel
)
(C:\Users\mrpar\AppData\Local\Programs\MiKTeX\tex/latex/babel-english\english.l
df
Language: english 2017/06/06 v3.3r English support from the babel system
Package babel Info: \l@canadian = using hyphenrules for english
(babel)             (\language0) on input line 102.
Package babel Info: \l@australian = using hyphenrules for ukenglish
(babel)             (\language73) on input line 105.
Package babel Info: \l@newzealand = using hyphenrules for ukenglish
(babel)             (\language73) on input line 108.
))
(C:\Users\mrpar\AppData\Local\Programs\MiKTeX\tex/latex/blindtext\blindtext.sty
Package: blindtext 2012/01/06 V2.0 blindtext-Package
(C:\Users\mrpar\AppData\Local\Programs\MiKTeX\tex/latex/latex-tools\xspace.sty
Package: xspace 2014/10/28 v1.13 Space after command names (DPC,MH)
)
\c@blindtext=\count192
\c@Blindtext=\count193
\c@blind@countparstart=\count194
\blind@countxx=\count195
\blindtext@numBlindtext=\count196
\blind@countyy=\count197
\c@blindlist=\count198
\c@blindlistlevel=\count199
\c@blindlist@level=\count266
\blind@listitem=\count267
\c@blind@listcount=\count268
\c@blind@levelcount=\count269
\blind@mathformula=\count270
\blind@Mathformula=\count271
\c@blind@randomcount=\count272
\c@blind@randommax=\count273
\c@blind@pangramcount=\count274
\c@blind@pangrammax=\count275
)
(C:\Users\mrpar\AppData\Local\Programs\MiKTeX\tex/latex/latex-tools\multicol.st
y
Package: multicol 2019/12/09 v1.8y multicolumn formatting (FMi)
\c@tracingmulticols=\count276
\mult@box=\box47
\multicol@leftmargin=\dimen148
\c@unbalance=\count277
\c@collectmore=\count278
\doublecol@number=\count279
\multicoltolerance=\count280
\multicolpretolerance=\count281
\full@width=\dimen149
\page@free=\dimen150
\premulticols=\dimen151
\postmulticols=\dimen152
\multicolsep=\skip49
\multicolbaselineskip=\skip50
\partial@page=\box48
\last@line=\box49
\maxbalancingoverflow=\dimen153
\mult@rightbox=\box50
\mult@grightbox=\box51
\mult@gfirstbox=\box52
\mult@firstbox=\box53
\@tempa=\box54
\@tempa=\box55
\@tempa=\box56
\@tempa=\box57
\@tempa=\box58
\@tempa=\box59
\@tempa=\box60
\@tempa=\box61
\@tempa=\box62
\@tempa=\box63
\@tempa=\box64
\@tempa=\box65
\@tempa=\box66
\@tempa=\box67
\@tempa=\box68
\@tempa=\box69
\@tempa=\box70
\@tempa=\box71
\@tempa=\box72
\@tempa=\box73
\@tempa=\box74
\@tempa=\box75
\@tempa=\box76
\@tempa=\box77
\@tempa=\box78
\@tempa=\box79
\@tempa=\box80
\@tempa=\box81
\@tempa=\box82
\@tempa=\box83
\@tempa=\box84
\@tempa=\box85
\@tempa=\box86
\@tempa=\box87
\@tempa=\box88
\@tempa=\box89
\@tempa=\box90
\c@minrows=\count282
\c@columnbadness=\count283
\c@finalcolumnbadness=\count284
\last@try=\dimen154
\multicolovershoot=\dimen155
\multicolundershoot=\dimen156
\mult@nat@firstbox=\box91
\colbreak@box=\box92
\mc@col@check@num=\count285
) (C:\Users\mrpar\AppData\Local\Programs\MiKTeX\tex/latex/lipsum\lipsum.sty
(C:\Users\mrpar\AppData\Local\Programs\MiKTeX\tex/latex/l3packages/l3keys2e\l3k
eys2e.sty
(C:\Users\mrpar\AppData\Local\Programs\MiKTeX\tex/latex/l3kernel\expl3.sty
Package: expl3 2021-02-18 L3 programming layer (loader) 

(C:\Users\mrpar\AppData\Local\Programs\MiKTeX\tex/latex/l3backend\l3backend-pdf
tex.def
File: l3backend-pdftex.def 2021-02-18 L3 backend support: PDF output (pdfTeX)
\l__color_backend_stack_int=\count286
\l__pdf_internal_box=\box93
))
Package: l3keys2e 2020-10-27 LaTeX2e option processing using LaTeX3 keys
)
Package: lipsum 2021-09-20 v2.7 150 paragraphs of Lorem Ipsum dummy text
\g__lipsum_par_int=\count287
\l__lipsum_a_int=\count288
\l__lipsum_b_int=\count289

LaTeX3 Info: Defining command \LipsumPar with sig. 'm' on line 175.


LaTeX3 Info: Defining command \SetLipsumParListItemStart with sig. 's+m' on
(LaTeX3)     line 208.


LaTeX3 Info: Defining command \SetLipsumParListStart with sig. 's+m' on line
(LaTeX3)     208.


LaTeX3 Info: Defining command \SetLipsumParListItemEnd with sig. 's+m' on line
(LaTeX3)     208.


LaTeX3 Info: Defining command \SetLipsumParListEnd with sig. 's+m' on line
(LaTeX3)     208.


LaTeX3 Info: Defining command \SetLipsumParListItemSurrounders with sig.
(LaTeX3)     's+m+m' on line 208.


LaTeX3 Info: Defining command \SetLipsumParListSurrounders with sig. 's+m+m'
(LaTeX3)     on line 208.


LaTeX3 Info: Defining command \SetLipsumParListItemSeparator with sig. 's+m'
(LaTeX3)     on line 208.


LaTeX3 Info: Defining command \SetLipsumSentenceListItemStart with sig. 's+m'
(LaTeX3)     on line 208.


LaTeX3 Info: Defining command \SetLipsumSentenceListStart with sig. 's+m' on
(LaTeX3)     line 208.


LaTeX3 Info: Defining command \SetLipsumSentenceListItemEnd with sig. 's+m' on
(LaTeX3)     line 208.


LaTeX3 Info: Defining command \SetLipsumSentenceListEnd with sig. 's+m' on
(LaTeX3)     line 208.


LaTeX3 Info: Defining command \SetLipsumSentenceListItemSurrounders with sig.
(LaTeX3)     's+m+m' on line 208.


LaTeX3 Info: Defining command \SetLipsumSentenceListSurrounders with sig.
(LaTeX3)     's+m+m' on line 208.


LaTeX3 Info: Defining command \SetLipsumSentenceListItemSeparator with sig.
(LaTeX3)     's+m' on line 208.


LaTeX3 Info: Defining command \SetLipsumDefault with sig. 'm' on line 214.


LaTeX3 Info: Defining command \lipsum with sig. 'sO{\g_lipsum_default_range_tl
(LaTeX3)     }o' on line 223.


LaTeX3 Info: Defining command \unpacklipsum with sig.
(LaTeX3)     'sO{\g_lipsum_default_range_tl }o' on line 225.


LaTeX3 Info: Defining command \SetLipsumText with sig. 'm' on line 326.


LaTeX3 Info: Defining command \SetLipsumLanguage with sig. 'm' on line 328.


LaTeX3 Info: Defining command \setlipsum with sig. '+m' on line 357.


(C:\Users\mrpar\AppData\Local\Programs\MiKTeX\tex/latex/lipsum\lipsum.ltd.tex))
(template.aux)
\openout1 = `template.aux'.

LaTeX Font Info:    Checking defaults for OML/cmm/m/it on input line 12.
LaTeX Font Info:    ... okay on input line 12.
LaTeX Font Info:    Checking defaults for OMS/cmsy/m/n on input line 12.
LaTeX Font Info:    ... okay on input line 12.
LaTeX Font Info:    Checking defaults for OT1/cmr/m/n on input line 12.
LaTeX Font Info:    ... okay on input line 12.
LaTeX Font Info:    Checking defaults for T1/cmr/m/n on input line 12.
LaTeX Font Info:    ... okay on input line 12.
LaTeX Font Info:    Checking defaults for TS1/cmr/m/n on input line 12.
LaTeX Font Info:    ... okay on input line 12.
LaTeX Font Info:    Checking defaults for OMX/cmex/m/n on input line 12.
LaTeX Font Info:    ... okay on input line 12.
LaTeX Font Info:    Checking defaults for U/cmr/m/n on input line 12.
LaTeX Font Info:    ... okay on input line 12.

*geometry* driver: auto-detecting
*geometry* detected driver: pdftex
*geometry* verbose mode - [ preamble ] result:
* driver: pdftex
* paper: a4paper
* layout: <same size as paper>
* layoutoffset:(h,v)=(0.0pt,0.0pt)
* bindingoffset: 34.14322pt
* modes: 
* h-part:(L,W,R)=(48.36958pt, 438.17273pt, 76.82234pt)
* v-part:(T,H,B)=(56.9055pt, 731.23584pt, 56.9055pt)
* \paperwidth=597.50787pt
* \paperheight=845.04684pt
* \textwidth=438.17273pt
* \textheight=731.23584pt
* \oddsidemargin=10.24281pt
* \evensidemargin=-23.9004pt
* \topmargin=-52.36449pt
* \headheight=12.0pt
* \headsep=25.0pt
* \topskip=12.0pt
* \footskip=30.0pt
* \marginparwidth=35.0pt
* \marginparsep=10.0pt
* \columnsep=10.0pt
* \skip\footins=10.8pt plus 4.0pt minus 2.0pt
* \hoffset=0.0pt
* \voffset=0.0pt
* \mag=1000
* \@twocolumnfalse
* \@twosidefalse
* \@mparswitchfalse
* \@reversemarginfalse
* (1in=72.27pt=25.4mm, 1cm=28.453pt)

LaTeX Font Info:    External font `cmex10' loaded for size
(Font)              <14.4> on input line 17.
LaTeX Font Info:    External font `cmex10' loaded for size
(Font)              <7> on input line 17.
[1

{C:/Users/mrpar/AppData/Local/MiKTeX/pdftex/config/pdftex.map}] [2] [3]
(template.aux) ) 
Here is how much of TeX's memory you used:
 2428 strings out of 479334
 41455 string characters out of 2857083
 452919 words of memory out of 3000000
 19896 multiletter control sequences out of 15000+200000
 406161 words of font info for 36 fonts, out of 3000000 for 9000
 1141 hyphenation exceptions out of 8191
 81i,7n,89p,222b,220s stack positions out of 5000i,500n,10000p,200000b,50000s
<C:/Users/mrpar/AppData/Local/Programs/MiKTeX/fonts/type1/publi
c/amsfonts/cm/cmss12.pfb><C:/Users/mrpar/AppData/Local/Programs/MiKTeX/fonts/ty
pe1/public/amsfonts/cm/cmssbx10.pfb>
Output written on template.pdf (3 pages, 27839 bytes).
PDF statistics:
 20 PDF objects out of 1000 (max. 8388607)
 0 named destinations out of 1000 (max. 500000)
 1 words of extra memory for PDF output out of 10000 (max. 10000000)

