This is pdfTeX, Version 3.141592653-2.6-1.40.22 (MiKTeX 21.2) (preloaded format=pdflatex 2021.10.16)  25 OCT 2021 17:57
entering extended mode
**./ncubeData.tex
(ncubeData.tex
LaTeX2e <2020-10-01> patch level 4
L3 programming layer <2021-02-18> xparse <2020-03-03>
(C:\Users\mrpar\AppData\Local\Programs\MiKTeX\tex/latex/base\article.cls
Document Class: article 2020/04/10 v1.4m Standard LaTeX document class
(C:\Users\mrpar\AppData\Local\Programs\MiKTeX\tex/latex/base\size10.clo
File: size10.clo 2020/04/10 v1.4m Standard LaTeX file (size option)
)
\c@part=\count179
\c@section=\count180
\c@subsection=\count181
\c@subsubsection=\count182
\c@paragraph=\count183
\c@subparagraph=\count184
\c@figure=\count185
\c@table=\count186
\abovecaptionskip=\skip47
\belowcaptionskip=\skip48
\bibindent=\dimen138
)
(C:\Users\mrpar\AppData\Local\Programs\MiKTeX\tex/latex/geometry\geometry.sty
Package: geometry 2020/01/02 v5.9 Page Geometry

(C:\Users\mrpar\AppData\Local\Programs\MiKTeX\tex/latex/graphics\keyval.sty
Package: keyval 2014/10/28 v1.15 key=value parser (DPC)
\KV@toks@=\toks15
)
(C:\Users\mrpar\AppData\Local\Programs\MiKTeX\tex/generic/iftex\ifvtex.sty
Package: ifvtex 2019/10/25 v1.7 ifvtex legacy package. Use iftex instead.

(C:\Users\mrpar\AppData\Local\Programs\MiKTeX\tex/generic/iftex\iftex.sty
Package: iftex 2020/03/06 v1.0d TeX engine tests
))
\Gm@cnth=\count187
\Gm@cntv=\count188
\c@Gm@tempcnt=\count189
\Gm@bindingoffset=\dimen139
\Gm@wd@mp=\dimen140
\Gm@odd@mp=\dimen141
\Gm@even@mp=\dimen142
\Gm@layoutwidth=\dimen143
\Gm@layoutheight=\dimen144
\Gm@layouthoffset=\dimen145
\Gm@layoutvoffset=\dimen146
\Gm@dimlist=\toks16

(C:\Users\mrpar\AppData\Local\Programs\MiKTeX\tex/latex/geometry\geometry.cfg))
(C:\Users\mrpar\AppData\Local\Programs\MiKTeX\tex/latex/amsmath\amsmath.sty
Package: amsmath 2020/09/23 v2.17i AMS math features
\@mathmargin=\skip49

For additional information on amsmath, use the `?' option.
(C:\Users\mrpar\AppData\Local\Programs\MiKTeX\tex/latex/amsmath\amstext.sty
Package: amstext 2000/06/29 v2.01 AMS text

(C:\Users\mrpar\AppData\Local\Programs\MiKTeX\tex/latex/amsmath\amsgen.sty
File: amsgen.sty 1999/11/30 v2.0 generic functions
\@emptytoks=\toks17
\ex@=\dimen147
))
(C:\Users\mrpar\AppData\Local\Programs\MiKTeX\tex/latex/amsmath\amsbsy.sty
Package: amsbsy 1999/11/29 v1.2d Bold Symbols
\pmbraise@=\dimen148
)
(C:\Users\mrpar\AppData\Local\Programs\MiKTeX\tex/latex/amsmath\amsopn.sty
Package: amsopn 2016/03/08 v2.02 operator names
)
\inf@bad=\count190
LaTeX Info: Redefining \frac on input line 234.
\uproot@=\count191
\leftroot@=\count192
LaTeX Info: Redefining \overline on input line 399.
\classnum@=\count193
\DOTSCASE@=\count194
LaTeX Info: Redefining \ldots on input line 496.
LaTeX Info: Redefining \dots on input line 499.
LaTeX Info: Redefining \cdots on input line 620.
\Mathstrutbox@=\box47
\strutbox@=\box48
\big@size=\dimen149
LaTeX Font Info:    Redeclaring font encoding OML on input line 743.
LaTeX Font Info:    Redeclaring font encoding OMS on input line 744.
\macc@depth=\count195
\c@MaxMatrixCols=\count196
\dotsspace@=\muskip16
\c@parentequation=\count197
\dspbrk@lvl=\count198
\tag@help=\toks18
\row@=\count199
\column@=\count266
\maxfields@=\count267
\andhelp@=\toks19
\eqnshift@=\dimen150
\alignsep@=\dimen151
\tagshift@=\dimen152
\tagwidth@=\dimen153
\totwidth@=\dimen154
\lineht@=\dimen155
\@envbody=\toks20
\multlinegap=\skip50
\multlinetaggap=\skip51
\mathdisplay@stack=\toks21
LaTeX Info: Redefining \[ on input line 2923.
LaTeX Info: Redefining \] on input line 2924.
)
(C:\Users\mrpar\AppData\Local\Programs\MiKTeX\tex/latex/latex-tools\multicol.st
y
Package: multicol 2019/12/09 v1.8y multicolumn formatting (FMi)
\c@tracingmulticols=\count268
\mult@box=\box49
\multicol@leftmargin=\dimen156
\c@unbalance=\count269
\c@collectmore=\count270
\doublecol@number=\count271
\multicoltolerance=\count272
\multicolpretolerance=\count273
\full@width=\dimen157
\page@free=\dimen158
\premulticols=\dimen159
\postmulticols=\dimen160
\multicolsep=\skip52
\multicolbaselineskip=\skip53
\partial@page=\box50
\last@line=\box51
\maxbalancingoverflow=\dimen161
\mult@rightbox=\box52
\mult@grightbox=\box53
\mult@gfirstbox=\box54
\mult@firstbox=\box55
\@tempa=\box56
\@tempa=\box57
\@tempa=\box58
\@tempa=\box59
\@tempa=\box60
\@tempa=\box61
\@tempa=\box62
\@tempa=\box63
\@tempa=\box64
\@tempa=\box65
\@tempa=\box66
\@tempa=\box67
\@tempa=\box68
\@tempa=\box69
\@tempa=\box70
\@tempa=\box71
\@tempa=\box72
\@tempa=\box73
\@tempa=\box74
\@tempa=\box75
\@tempa=\box76
\@tempa=\box77
\@tempa=\box78
\@tempa=\box79
\@tempa=\box80
\@tempa=\box81
\@tempa=\box82
\@tempa=\box83
\@tempa=\box84
\@tempa=\box85
\@tempa=\box86
\@tempa=\box87
\@tempa=\box88
\@tempa=\box89
\@tempa=\box90
\@tempa=\box91
\@tempa=\box92
\c@minrows=\count274
\c@columnbadness=\count275
\c@finalcolumnbadness=\count276
\last@try=\dimen162
\multicolovershoot=\dimen163
\multicolundershoot=\dimen164
\mult@nat@firstbox=\box93
\colbreak@box=\box94
\mc@col@check@num=\count277
) (C:\Users\mrpar\AppData\Local\Programs\MiKTeX\tex/generic/babel\babel.sty
Package: babel 2021/01/26 3.53 The Babel package

(C:\Users\mrpar\AppData\Local\Programs\MiKTeX\tex/generic/babel\babel.def
File: babel.def 2021/01/26 3.53 Babel common definitions
\babel@savecnt=\count278
\U@D=\dimen165
\l@babelnohyphens=\language79

(C:\Users\mrpar\AppData\Local\Programs\MiKTeX\tex/generic/babel\txtbabel.def)
\bbl@readstream=\read2
)
\bbl@dirlevel=\count279

*************************************
* Local config file bblopts.cfg used
*
(C:\Users\mrpar\AppData\Local\Programs\MiKTeX\tex/latex/arabi\bblopts.cfg
File: bblopts.cfg 2005/09/08 v0.1 add Arabic and Farsi to "declared" options of
 babel
)
(C:\Users\mrpar\AppData\Local\Programs\MiKTeX\tex/latex/babel-english\english.l
df
Language: english 2017/06/06 v3.3r English support from the babel system
Package babel Info: \l@canadian = using hyphenrules for english
(babel)             (\language0) on input line 102.
Package babel Info: \l@australian = using hyphenrules for ukenglish
(babel)             (\language73) on input line 105.
Package babel Info: \l@newzealand = using hyphenrules for ukenglish
(babel)             (\language73) on input line 108.
))
(C:\Users\mrpar\AppData\Local\Programs\MiKTeX\tex/latex/blindtext\blindtext.sty
Package: blindtext 2012/01/06 V2.0 blindtext-Package
(C:\Users\mrpar\AppData\Local\Programs\MiKTeX\tex/latex/latex-tools\xspace.sty
Package: xspace 2014/10/28 v1.13 Space after command names (DPC,MH)
)
\c@blindtext=\count280
\c@Blindtext=\count281
\c@blind@countparstart=\count282
\blind@countxx=\count283
\blindtext@numBlindtext=\count284
\blind@countyy=\count285
\c@blindlist=\count286
\c@blindlistlevel=\count287
\c@blindlist@level=\count288
\blind@listitem=\count289
\c@blind@listcount=\count290
\c@blind@levelcount=\count291
\blind@mathformula=\count292
\blind@Mathformula=\count293
\c@blind@randomcount=\count294
\c@blind@randommax=\count295
\c@blind@pangramcount=\count296
\c@blind@pangrammax=\count297
)
(C:\Users\mrpar\AppData\Local\Programs\MiKTeX\tex/latex/l3packages/xfrac\xfrac.
sty (C:\Users\mrpar\AppData\Local\Programs\MiKTeX\tex/latex/l3kernel\expl3.sty
Package: expl3 2021-02-18 L3 programming layer (loader) 

(C:\Users\mrpar\AppData\Local\Programs\MiKTeX\tex/latex/l3backend\l3backend-pdf
tex.def
File: l3backend-pdftex.def 2021-02-18 L3 backend support: PDF output (pdfTeX)
\l__color_backend_stack_int=\count298
\l__pdf_internal_box=\box95
))
(C:\Users\mrpar\AppData\Local\Programs\MiKTeX\tex/latex/graphics\graphicx.sty
Package: graphicx 2020/09/09 v1.2b Enhanced LaTeX Graphics (DPC,SPQR)

(C:\Users\mrpar\AppData\Local\Programs\MiKTeX\tex/latex/graphics\graphics.sty
Package: graphics 2020/08/30 v1.4c Standard LaTeX Graphics (DPC,SPQR)

(C:\Users\mrpar\AppData\Local\Programs\MiKTeX\tex/latex/graphics\trig.sty
Package: trig 2016/01/03 v1.10 sin cos tan (DPC)
)
(C:\Users\mrpar\AppData\Local\Programs\MiKTeX\tex/latex/graphics-cfg\graphics.c
fg
File: graphics.cfg 2016/06/04 v1.11 sample graphics configuration
)
Package graphics Info: Driver file: pdftex.def on input line 105.

(C:\Users\mrpar\AppData\Local\Programs\MiKTeX\tex/latex/graphics-def\pdftex.def
File: pdftex.def 2020/10/05 v1.2a Graphics/color driver for pdftex
))
\Gin@req@height=\dimen166
\Gin@req@width=\dimen167
)
(C:\Users\mrpar\AppData\Local\Programs\MiKTeX\tex/latex/l3packages/l3keys2e\l3k
eys2e.sty
Package: l3keys2e 2020-10-27 LaTeX2e option processing using LaTeX3 keys
)
(C:\Users\mrpar\AppData\Local\Programs\MiKTeX\tex/latex/base\textcomp.sty
Package: textcomp 2020/02/02 v2.0n Standard LaTeX package
)
(C:\Users\mrpar\AppData\Local\Programs\MiKTeX\tex/latex/l3packages/xparse\xpars
e.sty
Package: xparse 2020-10-27 L3 Experimental document command parser

(C:\Users\mrpar\AppData\Local\Programs\MiKTeX\tex/latex/l3packages/xparse\xpars
e-generic.tex))
(C:\Users\mrpar\AppData\Local\Programs\MiKTeX\tex/latex/l3packages/xtemplate\xt
emplate.sty
Package: xtemplate 2020-10-27 L3 Experimental prototype document functions
\l__xtemplate_tmp_dim=\dimen168
\l__xtemplate_tmp_int=\count299
\l__xtemplate_tmp_muskip=\muskip17
\l__xtemplate_tmp_skip=\skip54
)
Package: xfrac 2020-10-27 L3 Experimental split-level fractions
\l__xfrac_slash_box=\box96
\l__xfrac_tmp_box=\box97
\l__xfrac_denominator_bot_sep_dim=\dimen169
\l__xfrac_numerator_bot_sep_dim=\dimen170
\l__xfrac_numerator_top_sep_dim=\dimen171
\l__xfrac_slash_left_sep_dim=\dimen172
\l__xfrac_slash_right_sep_dim=\dimen173
\l__xfrac_slash_left_muskip=\muskip18
\l__xfrac_slash_right_muskip=\muskip19

Package xtemplate Info: Declaring object type 'xfrac' taking 3 argument(s) on
(xtemplate)             line 80.

) (ncubeData.aux)
\openout1 = `ncubeData.aux'.

LaTeX Font Info:    Checking defaults for OML/cmm/m/it on input line 13.
LaTeX Font Info:    ... okay on input line 13.
LaTeX Font Info:    Checking defaults for OMS/cmsy/m/n on input line 13.
LaTeX Font Info:    ... okay on input line 13.
LaTeX Font Info:    Checking defaults for OT1/cmr/m/n on input line 13.
LaTeX Font Info:    ... okay on input line 13.
LaTeX Font Info:    Checking defaults for T1/cmr/m/n on input line 13.
LaTeX Font Info:    ... okay on input line 13.
LaTeX Font Info:    Checking defaults for TS1/cmr/m/n on input line 13.
LaTeX Font Info:    ... okay on input line 13.
LaTeX Font Info:    Checking defaults for OMX/cmex/m/n on input line 13.
LaTeX Font Info:    ... okay on input line 13.
LaTeX Font Info:    Checking defaults for U/cmr/m/n on input line 13.
LaTeX Font Info:    ... okay on input line 13.

*geometry* driver: auto-detecting
*geometry* detected driver: pdftex
*geometry* verbose mode - [ preamble ] result:
* driver: pdftex
* paper: a4paper
* layout: <same size as paper>
* layoutoffset:(h,v)=(0.0pt,0.0pt)
* bindingoffset: 34.14322pt
* modes: 
* h-part:(L,W,R)=(48.36958pt, 438.17273pt, 76.82234pt)
* v-part:(T,H,B)=(56.9055pt, 731.23584pt, 56.9055pt)
* \paperwidth=597.50787pt
* \paperheight=845.04684pt
* \textwidth=438.17273pt
* \textheight=731.23584pt
* \oddsidemargin=10.24281pt
* \evensidemargin=-23.9004pt
* \topmargin=-52.36449pt
* \headheight=12.0pt
* \headsep=25.0pt
* \topskip=10.0pt
* \footskip=30.0pt
* \marginparwidth=57.0pt
* \marginparsep=11.0pt
* \columnsep=10.0pt
* \skip\footins=9.0pt plus 4.0pt minus 2.0pt
* \hoffset=0.0pt
* \voffset=0.0pt
* \mag=1000
* \@twocolumnfalse
* \@twosidefalse
* \@mparswitchfalse
* \@reversemarginfalse
* (1in=72.27pt=25.4mm, 1cm=28.453pt)


(C:\Users\mrpar\AppData\Local\Programs\MiKTeX\tex/context/base/mkii\supp-pdf.mk
ii
[Loading MPS to PDF converter (version 2006.09.02).]
\scratchcounter=\count300
\scratchdimen=\dimen174
\scratchbox=\box98
\nofMPsegments=\count301
\nofMParguments=\count302
\everyMPshowfont=\toks22
\MPscratchCnt=\count303
\MPscratchDim=\dimen175
\MPnumerator=\count304
\makeMPintoPDFobject=\count305
\everyMPtoPDFconversion=\toks23
)
(C:\Users\mrpar\AppData\Local\Programs\MiKTeX\tex/latex/epstopdf-pkg\epstopdf-b
ase.sty
Package: epstopdf-base 2020-01-24 v2.11 Base part for package epstopdf
Package epstopdf-base Info: Redefining graphics rule for `.eps' on input line 4
85.
) [1

{C:/Users/mrpar/AppData/Local/MiKTeX/pdftex/config/pdftex.map}]
[2] [3] [4]
Underfull \hbox (badness 10000) in paragraph at lines 258--259

 []

<./ncubeImg//1DcubeImg.png, id=24, 70.2625pt x 20.075pt>
File: ./ncubeImg//1DcubeImg.png Graphic file (type png)
<use ./ncubeImg//1DcubeImg.png>
Package pdftex.def Info: ./ncubeImg//1DcubeImg.png  used on input line 260.
(pdftex.def)             Requested size: 70.26231pt x 20.07494pt.
[5 <./ncubeImg//1DcubeImg.png (PNG copy)>]
Underfull \hbox (badness 10000) in paragraph at lines 397--398

 []

<./ncubeImg//2DcubeImg.png, id=28, 70.2625pt x 70.2625pt>
File: ./ncubeImg//2DcubeImg.png Graphic file (type png)
<use ./ncubeImg//2DcubeImg.png>
Package pdftex.def Info: ./ncubeImg//2DcubeImg.png  used on input line 399.
(pdftex.def)             Requested size: 70.26231pt x 70.26231pt.
[6 <./ncubeImg//2DcubeImg.png (PNG copy)>]
Underfull \hbox (badness 10000) in paragraph at lines 536--537

 []

<./ncubeImg//3DcubeImg.png, id=33, 95.35625pt x 95.35625pt>
File: ./ncubeImg//3DcubeImg.png Graphic file (type png)
<use ./ncubeImg//3DcubeImg.png>
Package pdftex.def Info: ./ncubeImg//3DcubeImg.png  used on input line 538.
(pdftex.def)             Requested size: 95.356pt x 95.356pt.
[7 <./ncubeImg//3DcubeImg.png (PNG copy)>]
Underfull \hbox (badness 10000) in paragraph at lines 673--674

 []

<./ncubeImg//4DcubeImg.png, id=38, 180.675pt x 130.4875pt>
File: ./ncubeImg//4DcubeImg.png Graphic file (type png)
<use ./ncubeImg//4DcubeImg.png>
Package pdftex.def Info: ./ncubeImg//4DcubeImg.png  used on input line 675.
(pdftex.def)             Requested size: 180.67455pt x 130.48717pt.
[8 <./ncubeImg//4DcubeImg.png (PNG copy)>] [9]
Underfull \hbox (badness 10000) in paragraph at lines 812--813

 []

<./ncubeImg//5DcubeImg.png, id=45, 220.825pt x 240.9pt>
File: ./ncubeImg//5DcubeImg.png Graphic file (type png)
<use ./ncubeImg//5DcubeImg.png>
Package pdftex.def Info: ./ncubeImg//5DcubeImg.png  used on input line 814.
(pdftex.def)             Requested size: 220.82445pt x 240.8994pt.
[10 <./ncubeImg//5DcubeImg.png (PNG copy)>] [11]
Underfull \hbox (badness 10000) in paragraph at lines 951--952

 []

<./ncubeImg//6DcubeImg.png, id=52, 391.4625pt x 336.25626pt>
File: ./ncubeImg//6DcubeImg.png Graphic file (type png)
<use ./ncubeImg//6DcubeImg.png>
Package pdftex.def Info: ./ncubeImg//6DcubeImg.png  used on input line 953.
(pdftex.def)             Requested size: 391.46153pt x 336.25543pt.
[12 <./ncubeImg//6DcubeImg.png (PNG copy)>] [13]
Underfull \hbox (badness 10000) in paragraph at lines 1090--1091

 []

<./ncubeImg//7DcubeImg.png, id=60, 476.78125pt x 577.15625pt>
File: ./ncubeImg//7DcubeImg.png Graphic file (type png)
<use ./ncubeImg//7DcubeImg.png>
Package pdftex.def Info: ./ncubeImg//7DcubeImg.png  used on input line 1092.
(pdftex.def)             Requested size: 438.17273pt x 530.45297pt.
[14 <./ncubeImg//7DcubeImg.png (PNG copy)>] [15]
Underfull \hbox (badness 10000) in paragraph at lines 1229--1230

 []

<./ncubeImg//8DcubeImg.png, id=67, 858.20625pt x 632.3625pt>
File: ./ncubeImg//8DcubeImg.png Graphic file (type png)
<use ./ncubeImg//8DcubeImg.png>
Package pdftex.def Info: ./ncubeImg//8DcubeImg.png  used on input line 1231.
(pdftex.def)             Requested size: 438.17273pt x 322.86728pt.
[16 <./ncubeImg//8DcubeImg.png (PNG copy)>] [17]
Underfull \hbox (badness 10000) in paragraph at lines 1366--1367

 []

<./ncubeImg//9DcubeImg.png, id=74, 893.3375pt x 1244.65pt>
File: ./ncubeImg//9DcubeImg.png Graphic file (type png)
<use ./ncubeImg//9DcubeImg.png>
Package pdftex.def Info: ./ncubeImg//9DcubeImg.png  used on input line 1368.
(pdftex.def)             Requested size: 438.17273pt x 610.49158pt.
[18 <./ncubeImg//9DcubeImg.png (PNG copy)>] [19]
Underfull \hbox (badness 10000) in paragraph at lines 1505--1506

 []

<./ncubeImg//10DcubeImg.png, id=82, 1766.6pt x 1365.1pt>
File: ./ncubeImg//10DcubeImg.png Graphic file (type png)
<use ./ncubeImg//10DcubeImg.png>
Package pdftex.def Info: ./ncubeImg//10DcubeImg.png  used on input line 1507.
(pdftex.def)             Requested size: 438.17273pt x 338.58713pt.
[20 <./ncubeImg//10DcubeImg.png (PNG copy)>] [21]
Underfull \hbox (badness 10000) in paragraph at lines 1644--1645

 []

<./ncubeImg//11DcubeImg.png, id=89, 3513.125pt x 1606.0pt>
File: ./ncubeImg//11DcubeImg.png Graphic file (type png)
<use ./ncubeImg//11DcubeImg.png>
Package pdftex.def Info: ./ncubeImg//11DcubeImg.png  used on input line 1646.
(pdftex.def)             Requested size: 438.17273pt x 200.30841pt.
[22 <./ncubeImg//11DcubeImg.png (PNG copy)>] [23] [24] [25] [26] [27] [28]
[29] [30] [31] (ncubeData.aux) ) 
Here is how much of TeX's memory you used:
 3939 strings out of 479334
 64876 string characters out of 2857083
 402406 words of memory out of 3000000
 21345 multiletter control sequences out of 15000+200000
 410017 words of font info for 50 fonts, out of 3000000 for 9000
 1141 hyphenation exceptions out of 8191
 83i,7n,88p,258b,201s stack positions out of 5000i,500n,10000p,200000b,50000s
<C:/Users/mrpar/AppData/Local/Programs/MiKTeX/f
onts/type1/public/amsfonts/cm/cmex10.pfb><C:/Users/mrpar/AppData/Local/Programs
/MiKTeX/fonts/type1/public/amsfonts/cm/cmmi10.pfb><C:/Users/mrpar/AppData/Local
/Programs/MiKTeX/fonts/type1/public/amsfonts/cm/cmmi12.pfb><C:/Users/mrpar/AppD
ata/Local/Programs/MiKTeX/fonts/type1/public/amsfonts/cm/cmmi8.pfb><C:/Users/mr
par/AppData/Local/Programs/MiKTeX/fonts/type1/public/amsfonts/cm/cmr10.pfb><C:/
Users/mrpar/AppData/Local/Programs/MiKTeX/fonts/type1/public/amsfonts/cm/cmr12.
pfb><C:/Users/mrpar/AppData/Local/Programs/MiKTeX/fonts/type1/public/amsfonts/c
m/cmr8.pfb><C:/Users/mrpar/AppData/Local/Programs/MiKTeX/fonts/type1/public/ams
fonts/cm/cmss10.pfb><C:/Users/mrpar/AppData/Local/Programs/MiKTeX/fonts/type1/p
ublic/amsfonts/cm/cmss12.pfb><C:/Users/mrpar/AppData/Local/Programs/MiKTeX/font
s/type1/public/amsfonts/cm/cmssbx10.pfb><C:/Users/mrpar/AppData/Local/Programs/
MiKTeX/fonts/type1/public/amsfonts/cm/cmsy10.pfb>
Output written on ncubeData.pdf (31 pages, 1819193 bytes).
PDF statistics:
 157 PDF objects out of 1000 (max. 8388607)
 0 named destinations out of 1000 (max. 500000)
 56 words of extra memory for PDF output out of 10000 (max. 10000000)

